{"name":"hexo","hostname":"disk2s2-2","pid":62457,"level":20,"msg":"Hexo version: \u001b[35m3.2.2\u001b[39m","time":"2017-01-15T02:00:02.285Z","v":0}
{"name":"hexo","hostname":"disk2s2-2","pid":62457,"level":20,"msg":"Working directory: \u001b[35m~/Documents/WebProjects/personalsite/\u001b[39m","time":"2017-01-15T02:00:02.289Z","v":0}
{"name":"hexo","hostname":"disk2s2-2","pid":62457,"level":20,"msg":"Config loaded: \u001b[35m~/Documents/WebProjects/personalsite/_config.yml\u001b[39m","time":"2017-01-15T02:00:02.401Z","v":0}
{"name":"hexo","hostname":"disk2s2-2","pid":62457,"level":20,"msg":"Script loaded: \u001b[35mthemes/landscape/scripts/fancybox.js\u001b[39m","time":"2017-01-15T02:00:02.413Z","v":0}
{"name":"hexo","hostname":"disk2s2-2","pid":62457,"level":20,"msg":"Plugin loaded: \u001b[35mhexo-generator-archive\u001b[39m","time":"2017-01-15T02:00:02.417Z","v":0}
{"name":"hexo","hostname":"disk2s2-2","pid":62457,"level":20,"msg":"Plugin loaded: \u001b[35mhexo-generator-index\u001b[39m","time":"2017-01-15T02:00:02.419Z","v":0}
{"name":"hexo","hostname":"disk2s2-2","pid":62457,"level":20,"msg":"Plugin loaded: \u001b[35mhexo-generator-category\u001b[39m","time":"2017-01-15T02:00:02.422Z","v":0}
{"name":"hexo","hostname":"disk2s2-2","pid":62457,"level":20,"msg":"Plugin loaded: \u001b[35mhexo-generator-tag\u001b[39m","time":"2017-01-15T02:00:02.423Z","v":0}
{"name":"hexo","hostname":"disk2s2-2","pid":62457,"level":20,"msg":"Plugin loaded: \u001b[35mhexo-renderer-ejs\u001b[39m","time":"2017-01-15T02:00:02.426Z","v":0}
{"name":"hexo","hostname":"disk2s2-2","pid":62457,"level":20,"msg":"Plugin loaded: \u001b[35mhexo-renderer-stylus\u001b[39m","time":"2017-01-15T02:00:02.427Z","v":0}
{"name":"hexo","hostname":"disk2s2-2","pid":62457,"level":20,"msg":"Plugin loaded: \u001b[35mhexo-server\u001b[39m","time":"2017-01-15T02:00:02.497Z","v":0}
{"name":"hexo","hostname":"disk2s2-2","pid":62457,"level":20,"msg":"Plugin loaded: \u001b[35mhexo-renderer-marked\u001b[39m","time":"2017-01-15T02:00:02.506Z","v":0}
{"name":"hexo","hostname":"disk2s2-2","pid":62457,"level":20,"msg":"Loading database.","time":"2017-01-15T02:00:02.508Z","v":0}
{"name":"hexo","hostname":"disk2s2-2","pid":62457,"level":30,"msg":"Start processing","time":"2017-01-15T02:00:02.622Z","v":0}
{"name":"hexo","hostname":"disk2s2-2","pid":62457,"level":20,"msg":"Processed: \u001b[35m_posts/1-day-python-bootcamp-recap.md\u001b[39m","time":"2017-01-15T02:00:02.720Z","v":0}
{"name":"hexo","hostname":"disk2s2-2","pid":62457,"level":20,"msg":"Processed: \u001b[35m_posts/Hello.md\u001b[39m","time":"2017-01-15T02:00:02.721Z","v":0}
{"name":"hexo","hostname":"disk2s2-2","pid":62457,"level":20,"msg":"Processed: \u001b[35m_posts/about-2.md\u001b[39m","time":"2017-01-15T02:00:02.721Z","v":0}
{"name":"hexo","hostname":"disk2s2-2","pid":62457,"level":20,"msg":"Processed: \u001b[35m_posts/about.md\u001b[39m","time":"2017-01-15T02:00:02.721Z","v":0}
{"name":"hexo","hostname":"disk2s2-2","pid":62457,"level":20,"msg":"Processed: \u001b[35m_posts/atlanta-a-drivers-guide.md\u001b[39m","time":"2017-01-15T02:00:02.721Z","v":0}
{"name":"hexo","hostname":"disk2s2-2","pid":62457,"level":20,"msg":"Processed: \u001b[35m_posts/atlanta-trump-rally-report-21-feb-2016.md\u001b[39m","time":"2017-01-15T02:00:02.722Z","v":0}
{"name":"hexo","hostname":"disk2s2-2","pid":62457,"level":20,"msg":"Processed: \u001b[35m_posts/connect-tech-2016.md\u001b[39m","time":"2017-01-15T02:00:02.722Z","v":0}
{"name":"hexo","hostname":"disk2s2-2","pid":62457,"level":20,"msg":"Processed: \u001b[35m_posts/freespot.md\u001b[39m","time":"2017-01-15T02:00:02.722Z","v":0}
{"name":"hexo","hostname":"disk2s2-2","pid":62457,"level":20,"msg":"Processed: \u001b[35m_posts/general-assembly-best-coding-school-award-creative-loafing-best-of-2016.md\u001b[39m","time":"2017-01-15T02:00:02.722Z","v":0}
{"name":"hexo","hostname":"disk2s2-2","pid":62457,"level":20,"msg":"Processed: \u001b[35m_posts/hello-world.md\u001b[39m","time":"2017-01-15T02:00:02.722Z","v":0}
{"name":"hexo","hostname":"disk2s2-2","pid":62457,"level":20,"msg":"Processed: \u001b[35m_posts/home.md\u001b[39m","time":"2017-01-15T02:00:02.722Z","v":0}
{"name":"hexo","hostname":"disk2s2-2","pid":62457,"level":20,"msg":"Processed: \u001b[35m_posts/homepost.md\u001b[39m","time":"2017-01-15T02:00:02.722Z","v":0}
{"name":"hexo","hostname":"disk2s2-2","pid":62457,"level":20,"msg":"Processed: \u001b[35m_posts/my-portfolio.md\u001b[39m","time":"2017-01-15T02:00:02.722Z","v":0}
{"name":"hexo","hostname":"disk2s2-2","pid":62457,"level":20,"msg":"Processed: \u001b[35m_posts/my-schedule-for-the-next-few-months.md\u001b[39m","time":"2017-01-15T02:00:02.723Z","v":0}
{"name":"hexo","hostname":"disk2s2-2","pid":62457,"level":20,"msg":"Processed: \u001b[35m_posts/new-dev-on-the-block.md\u001b[39m","time":"2017-01-15T02:00:02.723Z","v":0}
{"name":"hexo","hostname":"disk2s2-2","pid":62457,"level":20,"msg":"Processed: \u001b[35m_posts/nz-itp-associate-certification.md\u001b[39m","time":"2017-01-15T02:00:02.723Z","v":0}
{"name":"hexo","hostname":"disk2s2-2","pid":62457,"level":20,"msg":"Processed: \u001b[35m_posts/parliamentary-counsel-office-meeting-august.md\u001b[39m","time":"2017-01-15T02:00:02.723Z","v":0}
{"name":"hexo","hostname":"disk2s2-2","pid":62457,"level":20,"msg":"Processed: \u001b[35m_posts/resume.md\u001b[39m","time":"2017-01-15T02:00:02.725Z","v":0}
{"name":"hexo","hostname":"disk2s2-2","pid":62457,"level":20,"msg":"Processed: \u001b[35m_posts/test.md\u001b[39m","time":"2017-01-15T02:00:02.725Z","v":0}
{"name":"hexo","hostname":"disk2s2-2","pid":62457,"level":20,"msg":"Processed: \u001b[35m_posts/to-exit-node-or-not-exit-node-that-is-the-question-2.md\u001b[39m","time":"2017-01-15T02:00:02.726Z","v":0}
{"name":"hexo","hostname":"disk2s2-2","pid":62457,"level":20,"msg":"Processed: \u001b[35m_posts/ux-design-bootcamp-general-assembly-review-morgan-murrah.md\u001b[39m","time":"2017-01-15T02:00:02.726Z","v":0}
{"name":"hexo","hostname":"disk2s2-2","pid":62457,"level":20,"msg":"Processed: \u001b[35m_posts/welcome-to-ghost-2.md\u001b[39m","time":"2017-01-15T02:00:02.726Z","v":0}
{"name":"hexo","hostname":"disk2s2-2","pid":62457,"level":20,"msg":"Theme config loaded.","time":"2017-01-15T02:00:02.748Z","v":0}
{"name":"hexo","hostname":"disk2s2-2","pid":62457,"level":20,"msg":"Processed: \u001b[35m_config.yml\u001b[39m","time":"2017-01-15T02:00:02.777Z","v":0}
{"name":"hexo","hostname":"disk2s2-2","pid":62457,"level":20,"msg":"Processed: \u001b[35msource/css/style.styl\u001b[39m","time":"2017-01-15T02:00:02.777Z","v":0}
{"name":"hexo","hostname":"disk2s2-2","pid":62457,"level":20,"msg":"Processed: \u001b[35msource/fancybox/blank.gif\u001b[39m","time":"2017-01-15T02:00:02.778Z","v":0}
{"name":"hexo","hostname":"disk2s2-2","pid":62457,"level":20,"msg":"Processed: \u001b[35msource/fancybox/fancybox_loading.gif\u001b[39m","time":"2017-01-15T02:00:02.778Z","v":0}
{"name":"hexo","hostname":"disk2s2-2","pid":62457,"level":20,"msg":"Processed: \u001b[35msource/fancybox/fancybox_loading@2x.gif\u001b[39m","time":"2017-01-15T02:00:02.778Z","v":0}
{"name":"hexo","hostname":"disk2s2-2","pid":62457,"level":20,"msg":"Processed: \u001b[35msource/fancybox/fancybox_overlay.png\u001b[39m","time":"2017-01-15T02:00:02.778Z","v":0}
{"name":"hexo","hostname":"disk2s2-2","pid":62457,"level":20,"msg":"Processed: \u001b[35msource/fancybox/fancybox_sprite.png\u001b[39m","time":"2017-01-15T02:00:02.779Z","v":0}
{"name":"hexo","hostname":"disk2s2-2","pid":62457,"level":20,"msg":"Processed: \u001b[35msource/fancybox/fancybox_sprite@2x.png\u001b[39m","time":"2017-01-15T02:00:02.780Z","v":0}
{"name":"hexo","hostname":"disk2s2-2","pid":62457,"level":20,"msg":"Processed: \u001b[35msource/fancybox/jquery.fancybox.css\u001b[39m","time":"2017-01-15T02:00:02.780Z","v":0}
{"name":"hexo","hostname":"disk2s2-2","pid":62457,"level":20,"msg":"Processed: \u001b[35msource/fancybox/jquery.fancybox.js\u001b[39m","time":"2017-01-15T02:00:02.781Z","v":0}
{"name":"hexo","hostname":"disk2s2-2","pid":62457,"level":20,"msg":"Processed: \u001b[35msource/fancybox/jquery.fancybox.pack.js\u001b[39m","time":"2017-01-15T02:00:02.781Z","v":0}
{"name":"hexo","hostname":"disk2s2-2","pid":62457,"level":20,"msg":"Processed: \u001b[35msource/js/script.js\u001b[39m","time":"2017-01-15T02:00:02.781Z","v":0}
{"name":"hexo","hostname":"disk2s2-2","pid":62457,"level":20,"msg":"Processed: \u001b[35mlayout/archive.ejs\u001b[39m","time":"2017-01-15T02:00:02.801Z","v":0}
{"name":"hexo","hostname":"disk2s2-2","pid":62457,"level":20,"msg":"Processed: \u001b[35mlayout/category.ejs\u001b[39m","time":"2017-01-15T02:00:02.802Z","v":0}
{"name":"hexo","hostname":"disk2s2-2","pid":62457,"level":20,"msg":"Processed: \u001b[35mlayout/index.ejs\u001b[39m","time":"2017-01-15T02:00:02.802Z","v":0}
{"name":"hexo","hostname":"disk2s2-2","pid":62457,"level":20,"msg":"Processed: \u001b[35mlayout/layout.ejs\u001b[39m","time":"2017-01-15T02:00:02.802Z","v":0}
{"name":"hexo","hostname":"disk2s2-2","pid":62457,"level":20,"msg":"Processed: \u001b[35mlayout/page.ejs\u001b[39m","time":"2017-01-15T02:00:02.802Z","v":0}
{"name":"hexo","hostname":"disk2s2-2","pid":62457,"level":20,"msg":"Processed: \u001b[35mlayout/post.ejs\u001b[39m","time":"2017-01-15T02:00:02.802Z","v":0}
{"name":"hexo","hostname":"disk2s2-2","pid":62457,"level":20,"msg":"Processed: \u001b[35mlayout/tag.ejs\u001b[39m","time":"2017-01-15T02:00:02.802Z","v":0}
{"name":"hexo","hostname":"disk2s2-2","pid":62457,"level":20,"msg":"Processed: \u001b[35mlanguages/fr.yml\u001b[39m","time":"2017-01-15T02:00:02.811Z","v":0}
{"name":"hexo","hostname":"disk2s2-2","pid":62457,"level":20,"msg":"Processed: \u001b[35mlanguages/nl.yml\u001b[39m","time":"2017-01-15T02:00:02.811Z","v":0}
{"name":"hexo","hostname":"disk2s2-2","pid":62457,"level":20,"msg":"Processed: \u001b[35mlanguages/default.yml\u001b[39m","time":"2017-01-15T02:00:02.812Z","v":0}
{"name":"hexo","hostname":"disk2s2-2","pid":62457,"level":20,"msg":"Processed: \u001b[35mlanguages/no.yml\u001b[39m","time":"2017-01-15T02:00:02.812Z","v":0}
{"name":"hexo","hostname":"disk2s2-2","pid":62457,"level":20,"msg":"Processed: \u001b[35mlanguages/ru.yml\u001b[39m","time":"2017-01-15T02:00:02.812Z","v":0}
{"name":"hexo","hostname":"disk2s2-2","pid":62457,"level":20,"msg":"Processed: \u001b[35mlanguages/zh-CN.yml\u001b[39m","time":"2017-01-15T02:00:02.812Z","v":0}
{"name":"hexo","hostname":"disk2s2-2","pid":62457,"level":20,"msg":"Processed: \u001b[35mlanguages/zh-TW.yml\u001b[39m","time":"2017-01-15T02:00:02.812Z","v":0}
{"name":"hexo","hostname":"disk2s2-2","pid":62457,"level":20,"msg":"Processed: \u001b[35msource/css/fonts/FontAwesome.otf\u001b[39m","time":"2017-01-15T02:00:02.812Z","v":0}
{"name":"hexo","hostname":"disk2s2-2","pid":62457,"level":20,"msg":"Processed: \u001b[35msource/css/fonts/fontawesome-webfont.eot\u001b[39m","time":"2017-01-15T02:00:02.814Z","v":0}
{"name":"hexo","hostname":"disk2s2-2","pid":62457,"level":20,"msg":"Processed: \u001b[35msource/css/fonts/fontawesome-webfont.woff\u001b[39m","time":"2017-01-15T02:00:02.814Z","v":0}
{"name":"hexo","hostname":"disk2s2-2","pid":62457,"level":20,"msg":"Processed: \u001b[35msource/fancybox/helpers/fancybox_buttons.png\u001b[39m","time":"2017-01-15T02:00:02.814Z","v":0}
{"name":"hexo","hostname":"disk2s2-2","pid":62457,"level":20,"msg":"Processed: \u001b[35msource/fancybox/helpers/jquery.fancybox-buttons.css\u001b[39m","time":"2017-01-15T02:00:02.814Z","v":0}
{"name":"hexo","hostname":"disk2s2-2","pid":62457,"level":20,"msg":"Processed: \u001b[35msource/fancybox/helpers/jquery.fancybox-buttons.js\u001b[39m","time":"2017-01-15T02:00:02.814Z","v":0}
{"name":"hexo","hostname":"disk2s2-2","pid":62457,"level":20,"msg":"Processed: \u001b[35msource/fancybox/helpers/jquery.fancybox-media.js\u001b[39m","time":"2017-01-15T02:00:02.815Z","v":0}
{"name":"hexo","hostname":"disk2s2-2","pid":62457,"level":20,"msg":"Processed: \u001b[35msource/fancybox/helpers/jquery.fancybox-thumbs.css\u001b[39m","time":"2017-01-15T02:00:02.815Z","v":0}
{"name":"hexo","hostname":"disk2s2-2","pid":62457,"level":20,"msg":"Processed: \u001b[35msource/fancybox/helpers/jquery.fancybox-thumbs.js\u001b[39m","time":"2017-01-15T02:00:02.815Z","v":0}
{"name":"hexo","hostname":"disk2s2-2","pid":62457,"level":20,"msg":"Processed: \u001b[35msource/css/fonts/fontawesome-webfont.ttf\u001b[39m","time":"2017-01-15T02:00:02.816Z","v":0}
{"name":"hexo","hostname":"disk2s2-2","pid":62457,"level":20,"msg":"Processed: \u001b[35mlayout/_partial/after-footer.ejs\u001b[39m","time":"2017-01-15T02:00:02.828Z","v":0}
{"name":"hexo","hostname":"disk2s2-2","pid":62457,"level":20,"msg":"Processed: \u001b[35mlayout/_partial/archive.ejs\u001b[39m","time":"2017-01-15T02:00:02.828Z","v":0}
{"name":"hexo","hostname":"disk2s2-2","pid":62457,"level":20,"msg":"Processed: \u001b[35mlayout/_partial/archive-post.ejs\u001b[39m","time":"2017-01-15T02:00:02.829Z","v":0}
{"name":"hexo","hostname":"disk2s2-2","pid":62457,"level":20,"msg":"Processed: \u001b[35mlayout/_partial/article.ejs\u001b[39m","time":"2017-01-15T02:00:02.829Z","v":0}
{"name":"hexo","hostname":"disk2s2-2","pid":62457,"level":20,"msg":"Processed: \u001b[35mlayout/_partial/footer.ejs\u001b[39m","time":"2017-01-15T02:00:02.829Z","v":0}
{"name":"hexo","hostname":"disk2s2-2","pid":62457,"level":20,"msg":"Processed: \u001b[35mlayout/_partial/google-analytics.ejs\u001b[39m","time":"2017-01-15T02:00:02.829Z","v":0}
{"name":"hexo","hostname":"disk2s2-2","pid":62457,"level":20,"msg":"Processed: \u001b[35mlayout/_partial/head.ejs\u001b[39m","time":"2017-01-15T02:00:02.829Z","v":0}
{"name":"hexo","hostname":"disk2s2-2","pid":62457,"level":20,"msg":"Processed: \u001b[35mlayout/_partial/mobile-nav.ejs\u001b[39m","time":"2017-01-15T02:00:02.829Z","v":0}
{"name":"hexo","hostname":"disk2s2-2","pid":62457,"level":20,"msg":"Processed: \u001b[35mlayout/_partial/header.ejs\u001b[39m","time":"2017-01-15T02:00:02.829Z","v":0}
{"name":"hexo","hostname":"disk2s2-2","pid":62457,"level":20,"msg":"Processed: \u001b[35mlayout/_partial/sidebar.ejs\u001b[39m","time":"2017-01-15T02:00:02.829Z","v":0}
{"name":"hexo","hostname":"disk2s2-2","pid":62457,"level":20,"msg":"Processed: \u001b[35mlayout/_widget/archive.ejs\u001b[39m","time":"2017-01-15T02:00:02.829Z","v":0}
{"name":"hexo","hostname":"disk2s2-2","pid":62457,"level":20,"msg":"Processed: \u001b[35mlayout/_widget/category.ejs\u001b[39m","time":"2017-01-15T02:00:02.829Z","v":0}
{"name":"hexo","hostname":"disk2s2-2","pid":62457,"level":20,"msg":"Processed: \u001b[35mlayout/_widget/recent_posts.ejs\u001b[39m","time":"2017-01-15T02:00:02.829Z","v":0}
{"name":"hexo","hostname":"disk2s2-2","pid":62457,"level":20,"msg":"Processed: \u001b[35mlayout/_widget/tag.ejs\u001b[39m","time":"2017-01-15T02:00:02.829Z","v":0}
{"name":"hexo","hostname":"disk2s2-2","pid":62457,"level":20,"msg":"Processed: \u001b[35mlayout/_widget/tagcloud.ejs\u001b[39m","time":"2017-01-15T02:00:02.829Z","v":0}
{"name":"hexo","hostname":"disk2s2-2","pid":62457,"level":20,"msg":"Processed: \u001b[35msource/css/fonts/fontawesome-webfont.svg\u001b[39m","time":"2017-01-15T02:00:02.831Z","v":0}
{"name":"hexo","hostname":"disk2s2-2","pid":62457,"level":20,"msg":"Processed: \u001b[35msource/css/images/banner.jpg\u001b[39m","time":"2017-01-15T02:00:02.831Z","v":0}
{"name":"hexo","hostname":"disk2s2-2","pid":62457,"level":20,"msg":"Processed: \u001b[35mlayout/_partial/post/category.ejs\u001b[39m","time":"2017-01-15T02:00:02.833Z","v":0}
{"name":"hexo","hostname":"disk2s2-2","pid":62457,"level":20,"msg":"Processed: \u001b[35mlayout/_partial/post/date.ejs\u001b[39m","time":"2017-01-15T02:00:02.833Z","v":0}
{"name":"hexo","hostname":"disk2s2-2","pid":62457,"level":20,"msg":"Processed: \u001b[35mlayout/_partial/post/gallery.ejs\u001b[39m","time":"2017-01-15T02:00:02.833Z","v":0}
{"name":"hexo","hostname":"disk2s2-2","pid":62457,"level":20,"msg":"Processed: \u001b[35mlayout/_partial/post/nav.ejs\u001b[39m","time":"2017-01-15T02:00:02.833Z","v":0}
{"name":"hexo","hostname":"disk2s2-2","pid":62457,"level":20,"msg":"Processed: \u001b[35mlayout/_partial/post/tag.ejs\u001b[39m","time":"2017-01-15T02:00:02.834Z","v":0}
{"name":"hexo","hostname":"disk2s2-2","pid":62457,"level":20,"msg":"Processed: \u001b[35mlayout/_partial/post/title.ejs\u001b[39m","time":"2017-01-15T02:00:02.834Z","v":0}
{"name":"hexo","hostname":"disk2s2-2","pid":62457,"level":60,"err":{"message":"(unknown path)\n  SyntaxError: Invalid or unexpected token","name":"Template render error","stack":"Template render error: (unknown path)\n  SyntaxError: Invalid or unexpected token\n    at Object.exports.prettifyError (/Users/airmin/Documents/WebProjects/personalsite/node_modules/nunjucks/src/lib.js:34:15)\n    at new_cls.render (/Users/airmin/Documents/WebProjects/personalsite/node_modules/nunjucks/src/environment.js:469:27)\n    at new_cls.renderString (/Users/airmin/Documents/WebProjects/personalsite/node_modules/nunjucks/src/environment.js:327:21)\n    at /Users/airmin/Documents/WebProjects/personalsite/node_modules/hexo/lib/extend/tag.js:66:9\n    at Promise._execute (/Users/airmin/Documents/WebProjects/personalsite/node_modules/bluebird/js/release/debuggability.js:300:9)\n    at Promise._resolveFromExecutor (/Users/airmin/Documents/WebProjects/personalsite/node_modules/bluebird/js/release/promise.js:481:18)\n    at new Promise (/Users/airmin/Documents/WebProjects/personalsite/node_modules/bluebird/js/release/promise.js:77:14)\n    at Tag.render (/Users/airmin/Documents/WebProjects/personalsite/node_modules/hexo/lib/extend/tag.js:64:10)\n    at Object.tagFilter [as onRenderEnd] (/Users/airmin/Documents/WebProjects/personalsite/node_modules/hexo/lib/hexo/post.js:253:16)\n    at /Users/airmin/Documents/WebProjects/personalsite/node_modules/hexo/lib/hexo/render.js:65:19\n    at tryCatcher (/Users/airmin/Documents/WebProjects/personalsite/node_modules/bluebird/js/release/util.js:16:23)\n    at Promise._settlePromiseFromHandler (/Users/airmin/Documents/WebProjects/personalsite/node_modules/bluebird/js/release/promise.js:510:31)\n    at Promise._settlePromise (/Users/airmin/Documents/WebProjects/personalsite/node_modules/bluebird/js/release/promise.js:567:18)\n    at Promise._settlePromise0 (/Users/airmin/Documents/WebProjects/personalsite/node_modules/bluebird/js/release/promise.js:612:10)\n    at Promise._settlePromises (/Users/airmin/Documents/WebProjects/personalsite/node_modules/bluebird/js/release/promise.js:691:18)\n    at Async._drainQueue (/Users/airmin/Documents/WebProjects/personalsite/node_modules/bluebird/js/release/async.js:133:16)\n    at Async._drainQueues (/Users/airmin/Documents/WebProjects/personalsite/node_modules/bluebird/js/release/async.js:143:10)\n    at Immediate.Async.drainQueues (/Users/airmin/Documents/WebProjects/personalsite/node_modules/bluebird/js/release/async.js:17:14)\n    at runCallback (timers.js:637:20)\n    at tryOnImmediate (timers.js:610:5)\n    at processImmediate [as _immediateCallback] (timers.js:582:5)"},"msg":"Something's wrong. Maybe you can find the solution here: \u001b[4mhttp://hexo.io/docs/troubleshooting.html\u001b[24m","time":"2017-01-15T02:00:03.124Z","v":0}
{"name":"hexo","hostname":"disk2s2-2","pid":62457,"level":20,"msg":"Database saved","time":"2017-01-15T02:00:03.185Z","v":0}
{"name":"hexo","hostname":"disk2s2-2","pid":66982,"level":20,"msg":"Hexo version: \u001b[35m3.2.2\u001b[39m","time":"2017-01-15T02:08:34.375Z","v":0}
{"name":"hexo","hostname":"disk2s2-2","pid":66982,"level":20,"msg":"Working directory: \u001b[35m~/Documents/WebProjects/personalsite/\u001b[39m","time":"2017-01-15T02:08:34.379Z","v":0}
{"name":"hexo","hostname":"disk2s2-2","pid":66982,"level":20,"msg":"Config loaded: \u001b[35m~/Documents/WebProjects/personalsite/_config.yml\u001b[39m","time":"2017-01-15T02:08:34.500Z","v":0}
{"name":"hexo","hostname":"disk2s2-2","pid":66982,"level":20,"msg":"Script loaded: \u001b[35mthemes/landscape/scripts/fancybox.js\u001b[39m","time":"2017-01-15T02:08:34.513Z","v":0}
{"name":"hexo","hostname":"disk2s2-2","pid":66982,"level":20,"msg":"Plugin loaded: \u001b[35mhexo-generator-archive\u001b[39m","time":"2017-01-15T02:08:34.516Z","v":0}
{"name":"hexo","hostname":"disk2s2-2","pid":66982,"level":20,"msg":"Plugin loaded: \u001b[35mhexo-generator-category\u001b[39m","time":"2017-01-15T02:08:34.517Z","v":0}
{"name":"hexo","hostname":"disk2s2-2","pid":66982,"level":20,"msg":"Plugin loaded: \u001b[35mhexo-generator-tag\u001b[39m","time":"2017-01-15T02:08:34.518Z","v":0}
{"name":"hexo","hostname":"disk2s2-2","pid":66982,"level":20,"msg":"Plugin loaded: \u001b[35mhexo-generator-index\u001b[39m","time":"2017-01-15T02:08:34.519Z","v":0}
{"name":"hexo","hostname":"disk2s2-2","pid":66982,"level":20,"msg":"Plugin loaded: \u001b[35mhexo-renderer-ejs\u001b[39m","time":"2017-01-15T02:08:34.521Z","v":0}
{"name":"hexo","hostname":"disk2s2-2","pid":66982,"level":20,"msg":"Plugin loaded: \u001b[35mhexo-migrator-ghost\u001b[39m","time":"2017-01-15T02:08:34.558Z","v":0}
{"name":"hexo","hostname":"disk2s2-2","pid":66982,"level":20,"msg":"Plugin loaded: \u001b[35mhexo-renderer-marked\u001b[39m","time":"2017-01-15T02:08:34.564Z","v":0}
{"name":"hexo","hostname":"disk2s2-2","pid":66982,"level":20,"msg":"Plugin loaded: \u001b[35mhexo-renderer-stylus\u001b[39m","time":"2017-01-15T02:08:34.566Z","v":0}
{"name":"hexo","hostname":"disk2s2-2","pid":66982,"level":20,"msg":"Plugin loaded: \u001b[35mhexo-server\u001b[39m","time":"2017-01-15T02:08:34.650Z","v":0}
{"name":"hexo","hostname":"disk2s2-2","pid":66982,"level":20,"msg":"Loading database.","time":"2017-01-15T02:08:34.652Z","v":0}
{"name":"hexo","hostname":"disk2s2-2","pid":66982,"level":30,"msg":"Start processing","time":"2017-01-15T02:08:34.741Z","v":0}
{"name":"hexo","hostname":"disk2s2-2","pid":66982,"level":20,"msg":"Processed: \u001b[35mResume-27-Sep-2016/index.md\u001b[39m","time":"2017-01-15T02:08:34.817Z","v":0}
{"name":"hexo","hostname":"disk2s2-2","pid":66982,"level":20,"msg":"Processed: \u001b[35m_drafts/About-legal-writing.md\u001b[39m","time":"2017-01-15T02:08:34.818Z","v":0}
{"name":"hexo","hostname":"disk2s2-2","pid":66982,"level":20,"msg":"Processed: \u001b[35m_drafts/Atlanta-Trump-Rally-report-21-Feb-2016.md\u001b[39m","time":"2017-01-15T02:08:34.818Z","v":0}
{"name":"hexo","hostname":"disk2s2-2","pid":66982,"level":20,"msg":"Processed: \u001b[35m_drafts/Test.md\u001b[39m","time":"2017-01-15T02:08:34.818Z","v":0}
{"name":"hexo","hostname":"disk2s2-2","pid":66982,"level":20,"msg":"Processed: \u001b[35m_drafts/To-Exit-Node-or-Not-Exit-Node-That-is-the-question.md\u001b[39m","time":"2017-01-15T02:08:34.818Z","v":0}
{"name":"hexo","hostname":"disk2s2-2","pid":66982,"level":20,"msg":"Processed: \u001b[35m_drafts/Welcome-to-Ghost.md\u001b[39m","time":"2017-01-15T02:08:34.818Z","v":0}
{"name":"hexo","hostname":"disk2s2-2","pid":66982,"level":20,"msg":"Processed: \u001b[35m_posts/About-me.md\u001b[39m","time":"2017-01-15T02:08:34.843Z","v":0}
{"name":"hexo","hostname":"disk2s2-2","pid":66982,"level":20,"msg":"Processed: \u001b[35m_posts/Atlanta-a-drivers-guide.md\u001b[39m","time":"2017-01-15T02:08:34.843Z","v":0}
{"name":"hexo","hostname":"disk2s2-2","pid":66982,"level":20,"msg":"Processed: \u001b[35m_posts/Connect-Tech-2016.md\u001b[39m","time":"2017-01-15T02:08:34.843Z","v":0}
{"name":"hexo","hostname":"disk2s2-2","pid":66982,"level":20,"msg":"Processed: \u001b[35m_posts/General-Assembly-Best-Coding-School-Award-Creative-Loafing-Best-Of-2016.md\u001b[39m","time":"2017-01-15T02:08:34.843Z","v":0}
{"name":"hexo","hostname":"disk2s2-2","pid":66982,"level":20,"msg":"Processed: \u001b[35m_posts/Group-Project-recap-FreeSpot-TLDR-Woohoo.md\u001b[39m","time":"2017-01-15T02:08:34.843Z","v":0}
{"name":"hexo","hostname":"disk2s2-2","pid":66982,"level":20,"msg":"Processed: \u001b[35m_posts/My-schedule-for-the-next-few-months.md\u001b[39m","time":"2017-01-15T02:08:34.843Z","v":0}
{"name":"hexo","hostname":"disk2s2-2","pid":66982,"level":20,"msg":"Processed: \u001b[35m_posts/NZ-ITP-Associate-Certification.md\u001b[39m","time":"2017-01-15T02:08:34.843Z","v":0}
{"name":"hexo","hostname":"disk2s2-2","pid":66982,"level":20,"msg":"Processed: \u001b[35m_posts/New-Dev-on-the-block.md\u001b[39m","time":"2017-01-15T02:08:34.843Z","v":0}
{"name":"hexo","hostname":"disk2s2-2","pid":66982,"level":20,"msg":"Processed: \u001b[35m_posts/Parliamentary-Counsel-Office-Meeting-August.md\u001b[39m","time":"2017-01-15T02:08:34.844Z","v":0}
{"name":"hexo","hostname":"disk2s2-2","pid":66982,"level":20,"msg":"Processed: \u001b[35m_posts/Portfolio-of-Morgan-Murrah.md\u001b[39m","time":"2017-01-15T02:08:34.844Z","v":0}
{"name":"hexo","hostname":"disk2s2-2","pid":66982,"level":20,"msg":"Processed: \u001b[35m_posts/Python-Bootcamp-Recap.md\u001b[39m","time":"2017-01-15T02:08:34.844Z","v":0}
{"name":"hexo","hostname":"disk2s2-2","pid":66982,"level":20,"msg":"Processed: \u001b[35m_posts/UX-Design-Bootcamp-blog.md\u001b[39m","time":"2017-01-15T02:08:34.844Z","v":0}
{"name":"hexo","hostname":"disk2s2-2","pid":66982,"level":20,"msg":"Theme config loaded.","time":"2017-01-15T02:08:34.871Z","v":0}
{"name":"hexo","hostname":"disk2s2-2","pid":66982,"level":20,"msg":"Processed: \u001b[35m_config.yml\u001b[39m","time":"2017-01-15T02:08:34.878Z","v":0}
{"name":"hexo","hostname":"disk2s2-2","pid":66982,"level":20,"msg":"Processed: \u001b[35msource/css/style.styl\u001b[39m","time":"2017-01-15T02:08:34.878Z","v":0}
{"name":"hexo","hostname":"disk2s2-2","pid":66982,"level":20,"msg":"Processed: \u001b[35msource/fancybox/blank.gif\u001b[39m","time":"2017-01-15T02:08:34.879Z","v":0}
{"name":"hexo","hostname":"disk2s2-2","pid":66982,"level":20,"msg":"Processed: \u001b[35msource/fancybox/fancybox_loading.gif\u001b[39m","time":"2017-01-15T02:08:34.880Z","v":0}
{"name":"hexo","hostname":"disk2s2-2","pid":66982,"level":20,"msg":"Processed: \u001b[35msource/fancybox/fancybox_loading@2x.gif\u001b[39m","time":"2017-01-15T02:08:34.881Z","v":0}
{"name":"hexo","hostname":"disk2s2-2","pid":66982,"level":20,"msg":"Processed: \u001b[35msource/fancybox/fancybox_overlay.png\u001b[39m","time":"2017-01-15T02:08:34.882Z","v":0}
{"name":"hexo","hostname":"disk2s2-2","pid":66982,"level":20,"msg":"Processed: \u001b[35msource/fancybox/fancybox_sprite.png\u001b[39m","time":"2017-01-15T02:08:34.883Z","v":0}
{"name":"hexo","hostname":"disk2s2-2","pid":66982,"level":20,"msg":"Processed: \u001b[35msource/fancybox/fancybox_sprite@2x.png\u001b[39m","time":"2017-01-15T02:08:34.885Z","v":0}
{"name":"hexo","hostname":"disk2s2-2","pid":66982,"level":20,"msg":"Processed: \u001b[35msource/fancybox/jquery.fancybox.css\u001b[39m","time":"2017-01-15T02:08:34.886Z","v":0}
{"name":"hexo","hostname":"disk2s2-2","pid":66982,"level":20,"msg":"Processed: \u001b[35msource/fancybox/jquery.fancybox.js\u001b[39m","time":"2017-01-15T02:08:34.887Z","v":0}
{"name":"hexo","hostname":"disk2s2-2","pid":66982,"level":20,"msg":"Processed: \u001b[35msource/fancybox/jquery.fancybox.pack.js\u001b[39m","time":"2017-01-15T02:08:34.887Z","v":0}
{"name":"hexo","hostname":"disk2s2-2","pid":66982,"level":20,"msg":"Processed: \u001b[35msource/js/script.js\u001b[39m","time":"2017-01-15T02:08:34.887Z","v":0}
{"name":"hexo","hostname":"disk2s2-2","pid":66982,"level":20,"msg":"Processed: \u001b[35mlayout/archive.ejs\u001b[39m","time":"2017-01-15T02:08:34.917Z","v":0}
{"name":"hexo","hostname":"disk2s2-2","pid":66982,"level":20,"msg":"Processed: \u001b[35mlayout/category.ejs\u001b[39m","time":"2017-01-15T02:08:34.917Z","v":0}
{"name":"hexo","hostname":"disk2s2-2","pid":66982,"level":20,"msg":"Processed: \u001b[35mlayout/index.ejs\u001b[39m","time":"2017-01-15T02:08:34.917Z","v":0}
{"name":"hexo","hostname":"disk2s2-2","pid":66982,"level":20,"msg":"Processed: \u001b[35mlayout/layout.ejs\u001b[39m","time":"2017-01-15T02:08:34.917Z","v":0}
{"name":"hexo","hostname":"disk2s2-2","pid":66982,"level":20,"msg":"Processed: \u001b[35mlayout/page.ejs\u001b[39m","time":"2017-01-15T02:08:34.917Z","v":0}
{"name":"hexo","hostname":"disk2s2-2","pid":66982,"level":20,"msg":"Processed: \u001b[35mlayout/post.ejs\u001b[39m","time":"2017-01-15T02:08:34.917Z","v":0}
{"name":"hexo","hostname":"disk2s2-2","pid":66982,"level":20,"msg":"Processed: \u001b[35mlayout/tag.ejs\u001b[39m","time":"2017-01-15T02:08:34.918Z","v":0}
{"name":"hexo","hostname":"disk2s2-2","pid":66982,"level":20,"msg":"Processed: \u001b[35mlanguages/default.yml\u001b[39m","time":"2017-01-15T02:08:34.929Z","v":0}
{"name":"hexo","hostname":"disk2s2-2","pid":66982,"level":20,"msg":"Processed: \u001b[35mlanguages/fr.yml\u001b[39m","time":"2017-01-15T02:08:34.929Z","v":0}
{"name":"hexo","hostname":"disk2s2-2","pid":66982,"level":20,"msg":"Processed: \u001b[35mlanguages/nl.yml\u001b[39m","time":"2017-01-15T02:08:34.929Z","v":0}
{"name":"hexo","hostname":"disk2s2-2","pid":66982,"level":20,"msg":"Processed: \u001b[35mlanguages/no.yml\u001b[39m","time":"2017-01-15T02:08:34.930Z","v":0}
{"name":"hexo","hostname":"disk2s2-2","pid":66982,"level":20,"msg":"Processed: \u001b[35mlanguages/zh-CN.yml\u001b[39m","time":"2017-01-15T02:08:34.930Z","v":0}
{"name":"hexo","hostname":"disk2s2-2","pid":66982,"level":20,"msg":"Processed: \u001b[35mlanguages/ru.yml\u001b[39m","time":"2017-01-15T02:08:34.930Z","v":0}
{"name":"hexo","hostname":"disk2s2-2","pid":66982,"level":20,"msg":"Processed: \u001b[35mlanguages/zh-TW.yml\u001b[39m","time":"2017-01-15T02:08:34.930Z","v":0}
{"name":"hexo","hostname":"disk2s2-2","pid":66982,"level":20,"msg":"Processed: \u001b[35msource/css/fonts/fontawesome-webfont.eot\u001b[39m","time":"2017-01-15T02:08:34.931Z","v":0}
{"name":"hexo","hostname":"disk2s2-2","pid":66982,"level":20,"msg":"Processed: \u001b[35msource/css/fonts/FontAwesome.otf\u001b[39m","time":"2017-01-15T02:08:34.932Z","v":0}
{"name":"hexo","hostname":"disk2s2-2","pid":66982,"level":20,"msg":"Processed: \u001b[35msource/css/fonts/fontawesome-webfont.woff\u001b[39m","time":"2017-01-15T02:08:34.937Z","v":0}
{"name":"hexo","hostname":"disk2s2-2","pid":66982,"level":20,"msg":"Processed: \u001b[35msource/fancybox/helpers/fancybox_buttons.png\u001b[39m","time":"2017-01-15T02:08:34.937Z","v":0}
{"name":"hexo","hostname":"disk2s2-2","pid":66982,"level":20,"msg":"Processed: \u001b[35msource/fancybox/helpers/jquery.fancybox-buttons.css\u001b[39m","time":"2017-01-15T02:08:34.937Z","v":0}
{"name":"hexo","hostname":"disk2s2-2","pid":66982,"level":20,"msg":"Processed: \u001b[35msource/fancybox/helpers/jquery.fancybox-buttons.js\u001b[39m","time":"2017-01-15T02:08:34.937Z","v":0}
{"name":"hexo","hostname":"disk2s2-2","pid":66982,"level":20,"msg":"Processed: \u001b[35msource/fancybox/helpers/jquery.fancybox-media.js\u001b[39m","time":"2017-01-15T02:08:34.938Z","v":0}
{"name":"hexo","hostname":"disk2s2-2","pid":66982,"level":20,"msg":"Processed: \u001b[35msource/fancybox/helpers/jquery.fancybox-thumbs.css\u001b[39m","time":"2017-01-15T02:08:34.938Z","v":0}
{"name":"hexo","hostname":"disk2s2-2","pid":66982,"level":20,"msg":"Processed: \u001b[35msource/fancybox/helpers/jquery.fancybox-thumbs.js\u001b[39m","time":"2017-01-15T02:08:34.938Z","v":0}
{"name":"hexo","hostname":"disk2s2-2","pid":66982,"level":20,"msg":"Processed: \u001b[35msource/css/fonts/fontawesome-webfont.ttf\u001b[39m","time":"2017-01-15T02:08:34.939Z","v":0}
{"name":"hexo","hostname":"disk2s2-2","pid":66982,"level":20,"msg":"Processed: \u001b[35mlayout/_partial/after-footer.ejs\u001b[39m","time":"2017-01-15T02:08:34.948Z","v":0}
{"name":"hexo","hostname":"disk2s2-2","pid":66982,"level":20,"msg":"Processed: \u001b[35mlayout/_partial/archive-post.ejs\u001b[39m","time":"2017-01-15T02:08:34.948Z","v":0}
{"name":"hexo","hostname":"disk2s2-2","pid":66982,"level":20,"msg":"Processed: \u001b[35mlayout/_partial/archive.ejs\u001b[39m","time":"2017-01-15T02:08:34.949Z","v":0}
{"name":"hexo","hostname":"disk2s2-2","pid":66982,"level":20,"msg":"Processed: \u001b[35mlayout/_partial/article.ejs\u001b[39m","time":"2017-01-15T02:08:34.949Z","v":0}
{"name":"hexo","hostname":"disk2s2-2","pid":66982,"level":20,"msg":"Processed: \u001b[35mlayout/_partial/footer.ejs\u001b[39m","time":"2017-01-15T02:08:34.949Z","v":0}
{"name":"hexo","hostname":"disk2s2-2","pid":66982,"level":20,"msg":"Processed: \u001b[35mlayout/_partial/google-analytics.ejs\u001b[39m","time":"2017-01-15T02:08:34.949Z","v":0}
{"name":"hexo","hostname":"disk2s2-2","pid":66982,"level":20,"msg":"Processed: \u001b[35mlayout/_partial/head.ejs\u001b[39m","time":"2017-01-15T02:08:34.949Z","v":0}
{"name":"hexo","hostname":"disk2s2-2","pid":66982,"level":20,"msg":"Processed: \u001b[35mlayout/_partial/header.ejs\u001b[39m","time":"2017-01-15T02:08:34.949Z","v":0}
{"name":"hexo","hostname":"disk2s2-2","pid":66982,"level":20,"msg":"Processed: \u001b[35mlayout/_partial/mobile-nav.ejs\u001b[39m","time":"2017-01-15T02:08:34.949Z","v":0}
{"name":"hexo","hostname":"disk2s2-2","pid":66982,"level":20,"msg":"Processed: \u001b[35mlayout/_partial/sidebar.ejs\u001b[39m","time":"2017-01-15T02:08:34.949Z","v":0}
{"name":"hexo","hostname":"disk2s2-2","pid":66982,"level":20,"msg":"Processed: \u001b[35mlayout/_widget/archive.ejs\u001b[39m","time":"2017-01-15T02:08:34.949Z","v":0}
{"name":"hexo","hostname":"disk2s2-2","pid":66982,"level":20,"msg":"Processed: \u001b[35mlayout/_widget/category.ejs\u001b[39m","time":"2017-01-15T02:08:34.949Z","v":0}
{"name":"hexo","hostname":"disk2s2-2","pid":66982,"level":20,"msg":"Processed: \u001b[35mlayout/_widget/recent_posts.ejs\u001b[39m","time":"2017-01-15T02:08:34.949Z","v":0}
{"name":"hexo","hostname":"disk2s2-2","pid":66982,"level":20,"msg":"Processed: \u001b[35mlayout/_widget/tag.ejs\u001b[39m","time":"2017-01-15T02:08:34.949Z","v":0}
{"name":"hexo","hostname":"disk2s2-2","pid":66982,"level":20,"msg":"Processed: \u001b[35mlayout/_widget/tagcloud.ejs\u001b[39m","time":"2017-01-15T02:08:34.949Z","v":0}
{"name":"hexo","hostname":"disk2s2-2","pid":66982,"level":20,"msg":"Processed: \u001b[35msource/css/fonts/fontawesome-webfont.svg\u001b[39m","time":"2017-01-15T02:08:34.952Z","v":0}
{"name":"hexo","hostname":"disk2s2-2","pid":66982,"level":20,"msg":"Processed: \u001b[35msource/css/images/banner.jpg\u001b[39m","time":"2017-01-15T02:08:34.952Z","v":0}
{"name":"hexo","hostname":"disk2s2-2","pid":66982,"level":20,"msg":"Processed: \u001b[35mlayout/_partial/post/category.ejs\u001b[39m","time":"2017-01-15T02:08:34.954Z","v":0}
{"name":"hexo","hostname":"disk2s2-2","pid":66982,"level":20,"msg":"Processed: \u001b[35mlayout/_partial/post/date.ejs\u001b[39m","time":"2017-01-15T02:08:34.954Z","v":0}
{"name":"hexo","hostname":"disk2s2-2","pid":66982,"level":20,"msg":"Processed: \u001b[35mlayout/_partial/post/gallery.ejs\u001b[39m","time":"2017-01-15T02:08:34.955Z","v":0}
{"name":"hexo","hostname":"disk2s2-2","pid":66982,"level":20,"msg":"Processed: \u001b[35mlayout/_partial/post/nav.ejs\u001b[39m","time":"2017-01-15T02:08:34.955Z","v":0}
{"name":"hexo","hostname":"disk2s2-2","pid":66982,"level":20,"msg":"Processed: \u001b[35mlayout/_partial/post/tag.ejs\u001b[39m","time":"2017-01-15T02:08:34.955Z","v":0}
{"name":"hexo","hostname":"disk2s2-2","pid":66982,"level":20,"msg":"Processed: \u001b[35mlayout/_partial/post/title.ejs\u001b[39m","time":"2017-01-15T02:08:34.955Z","v":0}
{"name":"hexo","hostname":"disk2s2-2","pid":66982,"level":60,"err":{"message":"(unknown path)\n  SyntaxError: Invalid or unexpected token","name":"Template render error","stack":"Template render error: (unknown path)\n  SyntaxError: Invalid or unexpected token\n    at Object.exports.prettifyError (/Users/airmin/Documents/WebProjects/personalsite/node_modules/nunjucks/src/lib.js:34:15)\n    at new_cls.render (/Users/airmin/Documents/WebProjects/personalsite/node_modules/nunjucks/src/environment.js:469:27)\n    at new_cls.renderString (/Users/airmin/Documents/WebProjects/personalsite/node_modules/nunjucks/src/environment.js:327:21)\n    at /Users/airmin/Documents/WebProjects/personalsite/node_modules/hexo/lib/extend/tag.js:66:9\n    at Promise._execute (/Users/airmin/Documents/WebProjects/personalsite/node_modules/bluebird/js/release/debuggability.js:300:9)\n    at Promise._resolveFromExecutor (/Users/airmin/Documents/WebProjects/personalsite/node_modules/bluebird/js/release/promise.js:481:18)\n    at new Promise (/Users/airmin/Documents/WebProjects/personalsite/node_modules/bluebird/js/release/promise.js:77:14)\n    at Tag.render (/Users/airmin/Documents/WebProjects/personalsite/node_modules/hexo/lib/extend/tag.js:64:10)\n    at Object.tagFilter [as onRenderEnd] (/Users/airmin/Documents/WebProjects/personalsite/node_modules/hexo/lib/hexo/post.js:253:16)\n    at /Users/airmin/Documents/WebProjects/personalsite/node_modules/hexo/lib/hexo/render.js:65:19\n    at tryCatcher (/Users/airmin/Documents/WebProjects/personalsite/node_modules/bluebird/js/release/util.js:16:23)\n    at Promise._settlePromiseFromHandler (/Users/airmin/Documents/WebProjects/personalsite/node_modules/bluebird/js/release/promise.js:510:31)\n    at Promise._settlePromise (/Users/airmin/Documents/WebProjects/personalsite/node_modules/bluebird/js/release/promise.js:567:18)\n    at Promise._settlePromise0 (/Users/airmin/Documents/WebProjects/personalsite/node_modules/bluebird/js/release/promise.js:612:10)\n    at Promise._settlePromises (/Users/airmin/Documents/WebProjects/personalsite/node_modules/bluebird/js/release/promise.js:691:18)\n    at Async._drainQueue (/Users/airmin/Documents/WebProjects/personalsite/node_modules/bluebird/js/release/async.js:133:16)\n    at Async._drainQueues (/Users/airmin/Documents/WebProjects/personalsite/node_modules/bluebird/js/release/async.js:143:10)\n    at Immediate.Async.drainQueues (/Users/airmin/Documents/WebProjects/personalsite/node_modules/bluebird/js/release/async.js:17:14)\n    at runCallback (timers.js:637:20)\n    at tryOnImmediate (timers.js:610:5)\n    at processImmediate [as _immediateCallback] (timers.js:582:5)"},"msg":"Something's wrong. Maybe you can find the solution here: \u001b[4mhttp://hexo.io/docs/troubleshooting.html\u001b[24m","time":"2017-01-15T02:08:35.183Z","v":0}
{"name":"hexo","hostname":"disk2s2-2","pid":66982,"level":20,"msg":"Database saved","time":"2017-01-15T02:08:35.214Z","v":0}
{"name":"hexo","hostname":"disk2s2-2","pid":68471,"level":20,"msg":"Hexo version: \u001b[35m3.2.2\u001b[39m","time":"2017-01-15T02:11:37.106Z","v":0}
{"name":"hexo","hostname":"disk2s2-2","pid":68471,"level":20,"msg":"Working directory: \u001b[35m~/Documents/WebProjects/personalsite/\u001b[39m","time":"2017-01-15T02:11:37.109Z","v":0}
{"name":"hexo","hostname":"disk2s2-2","pid":68471,"level":20,"msg":"Config loaded: \u001b[35m~/Documents/WebProjects/personalsite/_config.yml\u001b[39m","time":"2017-01-15T02:11:37.207Z","v":0}
{"name":"hexo","hostname":"disk2s2-2","pid":68471,"level":20,"msg":"Script loaded: \u001b[35mthemes/landscape/scripts/fancybox.js\u001b[39m","time":"2017-01-15T02:11:37.218Z","v":0}
{"name":"hexo","hostname":"disk2s2-2","pid":68471,"level":20,"msg":"Plugin loaded: \u001b[35mhexo-generator-category\u001b[39m","time":"2017-01-15T02:11:37.221Z","v":0}
{"name":"hexo","hostname":"disk2s2-2","pid":68471,"level":20,"msg":"Plugin loaded: \u001b[35mhexo-generator-archive\u001b[39m","time":"2017-01-15T02:11:37.222Z","v":0}
{"name":"hexo","hostname":"disk2s2-2","pid":68471,"level":20,"msg":"Plugin loaded: \u001b[35mhexo-generator-tag\u001b[39m","time":"2017-01-15T02:11:37.224Z","v":0}
{"name":"hexo","hostname":"disk2s2-2","pid":68471,"level":20,"msg":"Plugin loaded: \u001b[35mhexo-generator-index\u001b[39m","time":"2017-01-15T02:11:37.224Z","v":0}
{"name":"hexo","hostname":"disk2s2-2","pid":68471,"level":20,"msg":"Plugin loaded: \u001b[35mhexo-migrator-ghost\u001b[39m","time":"2017-01-15T02:11:37.259Z","v":0}
{"name":"hexo","hostname":"disk2s2-2","pid":68471,"level":20,"msg":"Plugin loaded: \u001b[35mhexo-renderer-ejs\u001b[39m","time":"2017-01-15T02:11:37.261Z","v":0}
{"name":"hexo","hostname":"disk2s2-2","pid":68471,"level":20,"msg":"Plugin loaded: \u001b[35mhexo-renderer-marked\u001b[39m","time":"2017-01-15T02:11:37.266Z","v":0}
{"name":"hexo","hostname":"disk2s2-2","pid":68471,"level":20,"msg":"Plugin loaded: \u001b[35mhexo-renderer-stylus\u001b[39m","time":"2017-01-15T02:11:37.267Z","v":0}
{"name":"hexo","hostname":"disk2s2-2","pid":68471,"level":20,"msg":"Plugin loaded: \u001b[35mhexo-server\u001b[39m","time":"2017-01-15T02:11:37.333Z","v":0}
{"name":"hexo","hostname":"disk2s2-2","pid":68471,"level":20,"msg":"Loading database.","time":"2017-01-15T02:11:37.335Z","v":0}
{"name":"hexo","hostname":"disk2s2-2","pid":68471,"level":30,"msg":"Start processing","time":"2017-01-15T02:11:37.406Z","v":0}
{"name":"hexo","hostname":"disk2s2-2","pid":68471,"level":20,"msg":"Processed: \u001b[35mResume-27-Sep-2016/index.md\u001b[39m","time":"2017-01-15T02:11:37.482Z","v":0}
{"name":"hexo","hostname":"disk2s2-2","pid":68471,"level":20,"msg":"Processed: \u001b[35m_drafts/About-legal-writing.md\u001b[39m","time":"2017-01-15T02:11:37.483Z","v":0}
{"name":"hexo","hostname":"disk2s2-2","pid":68471,"level":20,"msg":"Processed: \u001b[35m_drafts/Atlanta-Trump-Rally-report-21-Feb-2016.md\u001b[39m","time":"2017-01-15T02:11:37.483Z","v":0}
{"name":"hexo","hostname":"disk2s2-2","pid":68471,"level":20,"msg":"Processed: \u001b[35m_drafts/Test.md\u001b[39m","time":"2017-01-15T02:11:37.483Z","v":0}
{"name":"hexo","hostname":"disk2s2-2","pid":68471,"level":20,"msg":"Processed: \u001b[35m_drafts/To-Exit-Node-or-Not-Exit-Node-That-is-the-question.md\u001b[39m","time":"2017-01-15T02:11:37.484Z","v":0}
{"name":"hexo","hostname":"disk2s2-2","pid":68471,"level":20,"msg":"Processed: \u001b[35m_drafts/Welcome-to-Ghost.md\u001b[39m","time":"2017-01-15T02:11:37.484Z","v":0}
{"name":"hexo","hostname":"disk2s2-2","pid":68471,"level":20,"msg":"Processed: \u001b[35m_posts/About-me.md\u001b[39m","time":"2017-01-15T02:11:37.484Z","v":0}
{"name":"hexo","hostname":"disk2s2-2","pid":68471,"level":20,"msg":"Processed: \u001b[35m_posts/Atlanta-a-drivers-guide.md\u001b[39m","time":"2017-01-15T02:11:37.484Z","v":0}
{"name":"hexo","hostname":"disk2s2-2","pid":68471,"level":20,"msg":"Processed: \u001b[35m_posts/Connect-Tech-2016.md\u001b[39m","time":"2017-01-15T02:11:37.484Z","v":0}
{"name":"hexo","hostname":"disk2s2-2","pid":68471,"level":20,"msg":"Processed: \u001b[35m_posts/General-Assembly-Best-Coding-School-Award-Creative-Loafing-Best-Of-2016.md\u001b[39m","time":"2017-01-15T02:11:37.484Z","v":0}
{"name":"hexo","hostname":"disk2s2-2","pid":68471,"level":20,"msg":"Processed: \u001b[35m_posts/Group-Project-recap-FreeSpot-TLDR-Woohoo.md\u001b[39m","time":"2017-01-15T02:11:37.484Z","v":0}
{"name":"hexo","hostname":"disk2s2-2","pid":68471,"level":20,"msg":"Processed: \u001b[35m_posts/My-schedule-for-the-next-few-months.md\u001b[39m","time":"2017-01-15T02:11:37.484Z","v":0}
{"name":"hexo","hostname":"disk2s2-2","pid":68471,"level":20,"msg":"Processed: \u001b[35m_posts/NZ-ITP-Associate-Certification.md\u001b[39m","time":"2017-01-15T02:11:37.484Z","v":0}
{"name":"hexo","hostname":"disk2s2-2","pid":68471,"level":20,"msg":"Processed: \u001b[35m_posts/New-Dev-on-the-block.md\u001b[39m","time":"2017-01-15T02:11:37.484Z","v":0}
{"name":"hexo","hostname":"disk2s2-2","pid":68471,"level":20,"msg":"Processed: \u001b[35m_posts/Parliamentary-Counsel-Office-Meeting-August.md\u001b[39m","time":"2017-01-15T02:11:37.484Z","v":0}
{"name":"hexo","hostname":"disk2s2-2","pid":68471,"level":20,"msg":"Processed: \u001b[35m_posts/Portfolio-of-Morgan-Murrah.md\u001b[39m","time":"2017-01-15T02:11:37.484Z","v":0}
{"name":"hexo","hostname":"disk2s2-2","pid":68471,"level":20,"msg":"Processed: \u001b[35m_posts/Python-Bootcamp-Recap.md\u001b[39m","time":"2017-01-15T02:11:37.485Z","v":0}
{"name":"hexo","hostname":"disk2s2-2","pid":68471,"level":20,"msg":"Processed: \u001b[35m_posts/UX-Design-Bootcamp-blog.md\u001b[39m","time":"2017-01-15T02:11:37.485Z","v":0}
{"name":"hexo","hostname":"disk2s2-2","pid":68471,"level":20,"msg":"Theme config loaded.","time":"2017-01-15T02:11:37.506Z","v":0}
{"name":"hexo","hostname":"disk2s2-2","pid":68471,"level":20,"msg":"Processed: \u001b[35m_config.yml\u001b[39m","time":"2017-01-15T02:11:37.510Z","v":0}
{"name":"hexo","hostname":"disk2s2-2","pid":68471,"level":20,"msg":"Processed: \u001b[35msource/css/style.styl\u001b[39m","time":"2017-01-15T02:11:37.510Z","v":0}
{"name":"hexo","hostname":"disk2s2-2","pid":68471,"level":20,"msg":"Processed: \u001b[35msource/fancybox/blank.gif\u001b[39m","time":"2017-01-15T02:11:37.511Z","v":0}
{"name":"hexo","hostname":"disk2s2-2","pid":68471,"level":20,"msg":"Processed: \u001b[35msource/fancybox/fancybox_loading.gif\u001b[39m","time":"2017-01-15T02:11:37.511Z","v":0}
{"name":"hexo","hostname":"disk2s2-2","pid":68471,"level":20,"msg":"Processed: \u001b[35msource/fancybox/fancybox_loading@2x.gif\u001b[39m","time":"2017-01-15T02:11:37.511Z","v":0}
{"name":"hexo","hostname":"disk2s2-2","pid":68471,"level":20,"msg":"Processed: \u001b[35msource/fancybox/fancybox_overlay.png\u001b[39m","time":"2017-01-15T02:11:37.511Z","v":0}
{"name":"hexo","hostname":"disk2s2-2","pid":68471,"level":20,"msg":"Processed: \u001b[35msource/fancybox/fancybox_sprite.png\u001b[39m","time":"2017-01-15T02:11:37.512Z","v":0}
{"name":"hexo","hostname":"disk2s2-2","pid":68471,"level":20,"msg":"Processed: \u001b[35msource/fancybox/fancybox_sprite@2x.png\u001b[39m","time":"2017-01-15T02:11:37.512Z","v":0}
{"name":"hexo","hostname":"disk2s2-2","pid":68471,"level":20,"msg":"Processed: \u001b[35msource/fancybox/jquery.fancybox.css\u001b[39m","time":"2017-01-15T02:11:37.514Z","v":0}
{"name":"hexo","hostname":"disk2s2-2","pid":68471,"level":20,"msg":"Processed: \u001b[35msource/fancybox/jquery.fancybox.js\u001b[39m","time":"2017-01-15T02:11:37.515Z","v":0}
{"name":"hexo","hostname":"disk2s2-2","pid":68471,"level":20,"msg":"Processed: \u001b[35msource/fancybox/jquery.fancybox.pack.js\u001b[39m","time":"2017-01-15T02:11:37.515Z","v":0}
{"name":"hexo","hostname":"disk2s2-2","pid":68471,"level":20,"msg":"Processed: \u001b[35msource/js/script.js\u001b[39m","time":"2017-01-15T02:11:37.516Z","v":0}
{"name":"hexo","hostname":"disk2s2-2","pid":68471,"level":20,"msg":"Processed: \u001b[35mlayout/archive.ejs\u001b[39m","time":"2017-01-15T02:11:37.541Z","v":0}
{"name":"hexo","hostname":"disk2s2-2","pid":68471,"level":20,"msg":"Processed: \u001b[35mlayout/category.ejs\u001b[39m","time":"2017-01-15T02:11:37.541Z","v":0}
{"name":"hexo","hostname":"disk2s2-2","pid":68471,"level":20,"msg":"Processed: \u001b[35mlayout/index.ejs\u001b[39m","time":"2017-01-15T02:11:37.541Z","v":0}
{"name":"hexo","hostname":"disk2s2-2","pid":68471,"level":20,"msg":"Processed: \u001b[35mlayout/layout.ejs\u001b[39m","time":"2017-01-15T02:11:37.541Z","v":0}
{"name":"hexo","hostname":"disk2s2-2","pid":68471,"level":20,"msg":"Processed: \u001b[35mlayout/page.ejs\u001b[39m","time":"2017-01-15T02:11:37.542Z","v":0}
{"name":"hexo","hostname":"disk2s2-2","pid":68471,"level":20,"msg":"Processed: \u001b[35mlayout/post.ejs\u001b[39m","time":"2017-01-15T02:11:37.542Z","v":0}
{"name":"hexo","hostname":"disk2s2-2","pid":68471,"level":20,"msg":"Processed: \u001b[35mlayout/tag.ejs\u001b[39m","time":"2017-01-15T02:11:37.542Z","v":0}
{"name":"hexo","hostname":"disk2s2-2","pid":68471,"level":20,"msg":"Processed: \u001b[35mlanguages/default.yml\u001b[39m","time":"2017-01-15T02:11:37.561Z","v":0}
{"name":"hexo","hostname":"disk2s2-2","pid":68471,"level":20,"msg":"Processed: \u001b[35mlanguages/fr.yml\u001b[39m","time":"2017-01-15T02:11:37.561Z","v":0}
{"name":"hexo","hostname":"disk2s2-2","pid":68471,"level":20,"msg":"Processed: \u001b[35mlanguages/nl.yml\u001b[39m","time":"2017-01-15T02:11:37.561Z","v":0}
{"name":"hexo","hostname":"disk2s2-2","pid":68471,"level":20,"msg":"Processed: \u001b[35mlanguages/no.yml\u001b[39m","time":"2017-01-15T02:11:37.561Z","v":0}
{"name":"hexo","hostname":"disk2s2-2","pid":68471,"level":20,"msg":"Processed: \u001b[35mlanguages/ru.yml\u001b[39m","time":"2017-01-15T02:11:37.561Z","v":0}
{"name":"hexo","hostname":"disk2s2-2","pid":68471,"level":20,"msg":"Processed: \u001b[35mlanguages/zh-CN.yml\u001b[39m","time":"2017-01-15T02:11:37.561Z","v":0}
{"name":"hexo","hostname":"disk2s2-2","pid":68471,"level":20,"msg":"Processed: \u001b[35mlanguages/zh-TW.yml\u001b[39m","time":"2017-01-15T02:11:37.561Z","v":0}
{"name":"hexo","hostname":"disk2s2-2","pid":68471,"level":20,"msg":"Processed: \u001b[35msource/css/fonts/FontAwesome.otf\u001b[39m","time":"2017-01-15T02:11:37.563Z","v":0}
{"name":"hexo","hostname":"disk2s2-2","pid":68471,"level":20,"msg":"Processed: \u001b[35msource/css/fonts/fontawesome-webfont.eot\u001b[39m","time":"2017-01-15T02:11:37.564Z","v":0}
{"name":"hexo","hostname":"disk2s2-2","pid":68471,"level":20,"msg":"Processed: \u001b[35msource/css/fonts/fontawesome-webfont.woff\u001b[39m","time":"2017-01-15T02:11:37.564Z","v":0}
{"name":"hexo","hostname":"disk2s2-2","pid":68471,"level":20,"msg":"Processed: \u001b[35msource/fancybox/helpers/fancybox_buttons.png\u001b[39m","time":"2017-01-15T02:11:37.565Z","v":0}
{"name":"hexo","hostname":"disk2s2-2","pid":68471,"level":20,"msg":"Processed: \u001b[35msource/fancybox/helpers/jquery.fancybox-buttons.css\u001b[39m","time":"2017-01-15T02:11:37.566Z","v":0}
{"name":"hexo","hostname":"disk2s2-2","pid":68471,"level":20,"msg":"Processed: \u001b[35msource/fancybox/helpers/jquery.fancybox-buttons.js\u001b[39m","time":"2017-01-15T02:11:37.566Z","v":0}
{"name":"hexo","hostname":"disk2s2-2","pid":68471,"level":20,"msg":"Processed: \u001b[35msource/fancybox/helpers/jquery.fancybox-media.js\u001b[39m","time":"2017-01-15T02:11:37.566Z","v":0}
{"name":"hexo","hostname":"disk2s2-2","pid":68471,"level":20,"msg":"Processed: \u001b[35msource/fancybox/helpers/jquery.fancybox-thumbs.css\u001b[39m","time":"2017-01-15T02:11:37.567Z","v":0}
{"name":"hexo","hostname":"disk2s2-2","pid":68471,"level":20,"msg":"Processed: \u001b[35msource/fancybox/helpers/jquery.fancybox-thumbs.js\u001b[39m","time":"2017-01-15T02:11:37.567Z","v":0}
{"name":"hexo","hostname":"disk2s2-2","pid":68471,"level":20,"msg":"Processed: \u001b[35msource/css/fonts/fontawesome-webfont.ttf\u001b[39m","time":"2017-01-15T02:11:37.568Z","v":0}
{"name":"hexo","hostname":"disk2s2-2","pid":68471,"level":20,"msg":"Processed: \u001b[35mlayout/_partial/archive-post.ejs\u001b[39m","time":"2017-01-15T02:11:37.576Z","v":0}
{"name":"hexo","hostname":"disk2s2-2","pid":68471,"level":20,"msg":"Processed: \u001b[35mlayout/_partial/after-footer.ejs\u001b[39m","time":"2017-01-15T02:11:37.576Z","v":0}
{"name":"hexo","hostname":"disk2s2-2","pid":68471,"level":20,"msg":"Processed: \u001b[35mlayout/_partial/archive.ejs\u001b[39m","time":"2017-01-15T02:11:37.576Z","v":0}
{"name":"hexo","hostname":"disk2s2-2","pid":68471,"level":20,"msg":"Processed: \u001b[35mlayout/_partial/article.ejs\u001b[39m","time":"2017-01-15T02:11:37.576Z","v":0}
{"name":"hexo","hostname":"disk2s2-2","pid":68471,"level":20,"msg":"Processed: \u001b[35mlayout/_partial/footer.ejs\u001b[39m","time":"2017-01-15T02:11:37.576Z","v":0}
{"name":"hexo","hostname":"disk2s2-2","pid":68471,"level":20,"msg":"Processed: \u001b[35mlayout/_partial/google-analytics.ejs\u001b[39m","time":"2017-01-15T02:11:37.576Z","v":0}
{"name":"hexo","hostname":"disk2s2-2","pid":68471,"level":20,"msg":"Processed: \u001b[35mlayout/_partial/head.ejs\u001b[39m","time":"2017-01-15T02:11:37.577Z","v":0}
{"name":"hexo","hostname":"disk2s2-2","pid":68471,"level":20,"msg":"Processed: \u001b[35mlayout/_partial/header.ejs\u001b[39m","time":"2017-01-15T02:11:37.577Z","v":0}
{"name":"hexo","hostname":"disk2s2-2","pid":68471,"level":20,"msg":"Processed: \u001b[35mlayout/_partial/mobile-nav.ejs\u001b[39m","time":"2017-01-15T02:11:37.577Z","v":0}
{"name":"hexo","hostname":"disk2s2-2","pid":68471,"level":20,"msg":"Processed: \u001b[35mlayout/_partial/sidebar.ejs\u001b[39m","time":"2017-01-15T02:11:37.577Z","v":0}
{"name":"hexo","hostname":"disk2s2-2","pid":68471,"level":20,"msg":"Processed: \u001b[35mlayout/_widget/archive.ejs\u001b[39m","time":"2017-01-15T02:11:37.577Z","v":0}
{"name":"hexo","hostname":"disk2s2-2","pid":68471,"level":20,"msg":"Processed: \u001b[35mlayout/_widget/category.ejs\u001b[39m","time":"2017-01-15T02:11:37.577Z","v":0}
{"name":"hexo","hostname":"disk2s2-2","pid":68471,"level":20,"msg":"Processed: \u001b[35mlayout/_widget/recent_posts.ejs\u001b[39m","time":"2017-01-15T02:11:37.577Z","v":0}
{"name":"hexo","hostname":"disk2s2-2","pid":68471,"level":20,"msg":"Processed: \u001b[35mlayout/_widget/tag.ejs\u001b[39m","time":"2017-01-15T02:11:37.577Z","v":0}
{"name":"hexo","hostname":"disk2s2-2","pid":68471,"level":20,"msg":"Processed: \u001b[35mlayout/_widget/tagcloud.ejs\u001b[39m","time":"2017-01-15T02:11:37.577Z","v":0}
{"name":"hexo","hostname":"disk2s2-2","pid":68471,"level":20,"msg":"Processed: \u001b[35msource/css/fonts/fontawesome-webfont.svg\u001b[39m","time":"2017-01-15T02:11:37.579Z","v":0}
{"name":"hexo","hostname":"disk2s2-2","pid":68471,"level":20,"msg":"Processed: \u001b[35msource/css/images/banner.jpg\u001b[39m","time":"2017-01-15T02:11:37.579Z","v":0}
{"name":"hexo","hostname":"disk2s2-2","pid":68471,"level":20,"msg":"Processed: \u001b[35mlayout/_partial/post/gallery.ejs\u001b[39m","time":"2017-01-15T02:11:37.584Z","v":0}
{"name":"hexo","hostname":"disk2s2-2","pid":68471,"level":20,"msg":"Processed: \u001b[35mlayout/_partial/post/category.ejs\u001b[39m","time":"2017-01-15T02:11:37.584Z","v":0}
{"name":"hexo","hostname":"disk2s2-2","pid":68471,"level":20,"msg":"Processed: \u001b[35mlayout/_partial/post/date.ejs\u001b[39m","time":"2017-01-15T02:11:37.584Z","v":0}
{"name":"hexo","hostname":"disk2s2-2","pid":68471,"level":20,"msg":"Processed: \u001b[35mlayout/_partial/post/nav.ejs\u001b[39m","time":"2017-01-15T02:11:37.584Z","v":0}
{"name":"hexo","hostname":"disk2s2-2","pid":68471,"level":20,"msg":"Processed: \u001b[35mlayout/_partial/post/tag.ejs\u001b[39m","time":"2017-01-15T02:11:37.584Z","v":0}
{"name":"hexo","hostname":"disk2s2-2","pid":68471,"level":20,"msg":"Processed: \u001b[35mlayout/_partial/post/title.ejs\u001b[39m","time":"2017-01-15T02:11:37.584Z","v":0}
{"name":"hexo","hostname":"disk2s2-2","pid":68471,"level":60,"err":{"message":"(unknown path)\n  SyntaxError: Invalid or unexpected token","name":"Template render error","stack":"Template render error: (unknown path)\n  SyntaxError: Invalid or unexpected token\n    at Object.exports.prettifyError (/Users/airmin/Documents/WebProjects/personalsite/node_modules/nunjucks/src/lib.js:34:15)\n    at new_cls.render (/Users/airmin/Documents/WebProjects/personalsite/node_modules/nunjucks/src/environment.js:469:27)\n    at new_cls.renderString (/Users/airmin/Documents/WebProjects/personalsite/node_modules/nunjucks/src/environment.js:327:21)\n    at /Users/airmin/Documents/WebProjects/personalsite/node_modules/hexo/lib/extend/tag.js:66:9\n    at Promise._execute (/Users/airmin/Documents/WebProjects/personalsite/node_modules/bluebird/js/release/debuggability.js:300:9)\n    at Promise._resolveFromExecutor (/Users/airmin/Documents/WebProjects/personalsite/node_modules/bluebird/js/release/promise.js:481:18)\n    at new Promise (/Users/airmin/Documents/WebProjects/personalsite/node_modules/bluebird/js/release/promise.js:77:14)\n    at Tag.render (/Users/airmin/Documents/WebProjects/personalsite/node_modules/hexo/lib/extend/tag.js:64:10)\n    at Object.tagFilter [as onRenderEnd] (/Users/airmin/Documents/WebProjects/personalsite/node_modules/hexo/lib/hexo/post.js:253:16)\n    at /Users/airmin/Documents/WebProjects/personalsite/node_modules/hexo/lib/hexo/render.js:65:19\n    at tryCatcher (/Users/airmin/Documents/WebProjects/personalsite/node_modules/bluebird/js/release/util.js:16:23)\n    at Promise._settlePromiseFromHandler (/Users/airmin/Documents/WebProjects/personalsite/node_modules/bluebird/js/release/promise.js:510:31)\n    at Promise._settlePromise (/Users/airmin/Documents/WebProjects/personalsite/node_modules/bluebird/js/release/promise.js:567:18)\n    at Promise._settlePromise0 (/Users/airmin/Documents/WebProjects/personalsite/node_modules/bluebird/js/release/promise.js:612:10)\n    at Promise._settlePromises (/Users/airmin/Documents/WebProjects/personalsite/node_modules/bluebird/js/release/promise.js:691:18)\n    at Async._drainQueue (/Users/airmin/Documents/WebProjects/personalsite/node_modules/bluebird/js/release/async.js:133:16)\n    at Async._drainQueues (/Users/airmin/Documents/WebProjects/personalsite/node_modules/bluebird/js/release/async.js:143:10)\n    at Immediate.Async.drainQueues (/Users/airmin/Documents/WebProjects/personalsite/node_modules/bluebird/js/release/async.js:17:14)\n    at runCallback (timers.js:637:20)\n    at tryOnImmediate (timers.js:610:5)\n    at processImmediate [as _immediateCallback] (timers.js:582:5)"},"msg":"Something's wrong. Maybe you can find the solution here: \u001b[4mhttp://hexo.io/docs/troubleshooting.html\u001b[24m","time":"2017-01-15T02:11:37.820Z","v":0}
{"name":"hexo","hostname":"disk2s2-2","pid":68471,"level":20,"msg":"Database saved","time":"2017-01-15T02:11:37.851Z","v":0}
{"name":"hexo","hostname":"disk2s2-2","pid":69389,"level":20,"msg":"Hexo version: \u001b[35m3.2.2\u001b[39m","time":"2017-01-15T02:13:16.296Z","v":0}
{"name":"hexo","hostname":"disk2s2-2","pid":69389,"level":20,"msg":"Working directory: \u001b[35m~/Documents/WebProjects/personalsite/\u001b[39m","time":"2017-01-15T02:13:16.300Z","v":0}
{"name":"hexo","hostname":"disk2s2-2","pid":69389,"level":20,"msg":"Config loaded: \u001b[35m~/Documents/WebProjects/personalsite/_config.yml\u001b[39m","time":"2017-01-15T02:13:16.405Z","v":0}
{"name":"hexo","hostname":"disk2s2-2","pid":69389,"level":20,"msg":"Script loaded: \u001b[35mthemes/landscape/scripts/fancybox.js\u001b[39m","time":"2017-01-15T02:13:16.417Z","v":0}
{"name":"hexo","hostname":"disk2s2-2","pid":69389,"level":20,"msg":"Plugin loaded: \u001b[35mhexo-generator-archive\u001b[39m","time":"2017-01-15T02:13:16.420Z","v":0}
{"name":"hexo","hostname":"disk2s2-2","pid":69389,"level":20,"msg":"Plugin loaded: \u001b[35mhexo-generator-category\u001b[39m","time":"2017-01-15T02:13:16.422Z","v":0}
{"name":"hexo","hostname":"disk2s2-2","pid":69389,"level":20,"msg":"Plugin loaded: \u001b[35mhexo-generator-index\u001b[39m","time":"2017-01-15T02:13:16.425Z","v":0}
{"name":"hexo","hostname":"disk2s2-2","pid":69389,"level":20,"msg":"Plugin loaded: \u001b[35mhexo-generator-tag\u001b[39m","time":"2017-01-15T02:13:16.426Z","v":0}
{"name":"hexo","hostname":"disk2s2-2","pid":69389,"level":20,"msg":"Plugin loaded: \u001b[35mhexo-migrator-ghost\u001b[39m","time":"2017-01-15T02:13:16.462Z","v":0}
{"name":"hexo","hostname":"disk2s2-2","pid":69389,"level":20,"msg":"Plugin loaded: \u001b[35mhexo-renderer-ejs\u001b[39m","time":"2017-01-15T02:13:16.464Z","v":0}
{"name":"hexo","hostname":"disk2s2-2","pid":69389,"level":20,"msg":"Plugin loaded: \u001b[35mhexo-renderer-marked\u001b[39m","time":"2017-01-15T02:13:16.471Z","v":0}
{"name":"hexo","hostname":"disk2s2-2","pid":69389,"level":20,"msg":"Plugin loaded: \u001b[35mhexo-renderer-stylus\u001b[39m","time":"2017-01-15T02:13:16.472Z","v":0}
{"name":"hexo","hostname":"disk2s2-2","pid":69389,"level":20,"msg":"Plugin loaded: \u001b[35mhexo-server\u001b[39m","time":"2017-01-15T02:13:16.548Z","v":0}
{"name":"hexo","hostname":"disk2s2-2","pid":69389,"level":20,"msg":"Loading database.","time":"2017-01-15T02:13:16.551Z","v":0}
{"name":"hexo","hostname":"disk2s2-2","pid":69389,"level":30,"msg":"Start processing","time":"2017-01-15T02:13:16.640Z","v":0}
{"name":"hexo","hostname":"disk2s2-2","pid":69389,"level":20,"msg":"Processed: \u001b[35m_drafts/About-legal-writing.md\u001b[39m","time":"2017-01-15T02:13:16.736Z","v":0}
{"name":"hexo","hostname":"disk2s2-2","pid":69389,"level":20,"msg":"Processed: \u001b[35m_drafts/Atlanta-Trump-Rally-report-21-Feb-2016.md\u001b[39m","time":"2017-01-15T02:13:16.736Z","v":0}
{"name":"hexo","hostname":"disk2s2-2","pid":69389,"level":20,"msg":"Processed: \u001b[35m_drafts/Test.md\u001b[39m","time":"2017-01-15T02:13:16.736Z","v":0}
{"name":"hexo","hostname":"disk2s2-2","pid":69389,"level":20,"msg":"Processed: \u001b[35m_drafts/To-Exit-Node-or-Not-Exit-Node-That-is-the-question.md\u001b[39m","time":"2017-01-15T02:13:16.737Z","v":0}
{"name":"hexo","hostname":"disk2s2-2","pid":69389,"level":20,"msg":"Processed: \u001b[35m_drafts/Welcome-to-Ghost.md\u001b[39m","time":"2017-01-15T02:13:16.737Z","v":0}
{"name":"hexo","hostname":"disk2s2-2","pid":69389,"level":20,"msg":"Processed: \u001b[35m_posts/About-me.md\u001b[39m","time":"2017-01-15T02:13:16.737Z","v":0}
{"name":"hexo","hostname":"disk2s2-2","pid":69389,"level":20,"msg":"Processed: \u001b[35m_posts/Atlanta-a-drivers-guide.md\u001b[39m","time":"2017-01-15T02:13:16.737Z","v":0}
{"name":"hexo","hostname":"disk2s2-2","pid":69389,"level":20,"msg":"Processed: \u001b[35m_posts/Connect-Tech-2016.md\u001b[39m","time":"2017-01-15T02:13:16.737Z","v":0}
{"name":"hexo","hostname":"disk2s2-2","pid":69389,"level":20,"msg":"Processed: \u001b[35m_posts/General-Assembly-Best-Coding-School-Award-Creative-Loafing-Best-Of-2016.md\u001b[39m","time":"2017-01-15T02:13:16.737Z","v":0}
{"name":"hexo","hostname":"disk2s2-2","pid":69389,"level":20,"msg":"Processed: \u001b[35m_posts/Group-Project-recap-FreeSpot-TLDR-Woohoo.md\u001b[39m","time":"2017-01-15T02:13:16.737Z","v":0}
{"name":"hexo","hostname":"disk2s2-2","pid":69389,"level":20,"msg":"Processed: \u001b[35m_posts/My-schedule-for-the-next-few-months.md\u001b[39m","time":"2017-01-15T02:13:16.737Z","v":0}
{"name":"hexo","hostname":"disk2s2-2","pid":69389,"level":20,"msg":"Processed: \u001b[35m_posts/NZ-ITP-Associate-Certification.md\u001b[39m","time":"2017-01-15T02:13:16.737Z","v":0}
{"name":"hexo","hostname":"disk2s2-2","pid":69389,"level":20,"msg":"Processed: \u001b[35m_posts/New-Dev-on-the-block.md\u001b[39m","time":"2017-01-15T02:13:16.737Z","v":0}
{"name":"hexo","hostname":"disk2s2-2","pid":69389,"level":20,"msg":"Processed: \u001b[35m_posts/Parliamentary-Counsel-Office-Meeting-August.md\u001b[39m","time":"2017-01-15T02:13:16.737Z","v":0}
{"name":"hexo","hostname":"disk2s2-2","pid":69389,"level":20,"msg":"Processed: \u001b[35m_posts/Portfolio-of-Morgan-Murrah.md\u001b[39m","time":"2017-01-15T02:13:16.737Z","v":0}
{"name":"hexo","hostname":"disk2s2-2","pid":69389,"level":20,"msg":"Processed: \u001b[35m_posts/Python-Bootcamp-Recap.md\u001b[39m","time":"2017-01-15T02:13:16.737Z","v":0}
{"name":"hexo","hostname":"disk2s2-2","pid":69389,"level":20,"msg":"Processed: \u001b[35m_posts/UX-Design-Bootcamp-blog.md\u001b[39m","time":"2017-01-15T02:13:16.738Z","v":0}
{"name":"hexo","hostname":"disk2s2-2","pid":69389,"level":20,"msg":"Processed: \u001b[35mResume-27-Sep-2016/index.md\u001b[39m","time":"2017-01-15T02:13:16.741Z","v":0}
{"name":"hexo","hostname":"disk2s2-2","pid":69389,"level":20,"msg":"Theme config loaded.","time":"2017-01-15T02:13:16.763Z","v":0}
{"name":"hexo","hostname":"disk2s2-2","pid":69389,"level":20,"msg":"Processed: \u001b[35m_config.yml\u001b[39m","time":"2017-01-15T02:13:16.765Z","v":0}
{"name":"hexo","hostname":"disk2s2-2","pid":69389,"level":20,"msg":"Processed: \u001b[35msource/css/style.styl\u001b[39m","time":"2017-01-15T02:13:16.765Z","v":0}
{"name":"hexo","hostname":"disk2s2-2","pid":69389,"level":20,"msg":"Processed: \u001b[35msource/fancybox/blank.gif\u001b[39m","time":"2017-01-15T02:13:16.766Z","v":0}
{"name":"hexo","hostname":"disk2s2-2","pid":69389,"level":20,"msg":"Processed: \u001b[35msource/fancybox/fancybox_loading.gif\u001b[39m","time":"2017-01-15T02:13:16.766Z","v":0}
{"name":"hexo","hostname":"disk2s2-2","pid":69389,"level":20,"msg":"Processed: \u001b[35msource/fancybox/fancybox_loading@2x.gif\u001b[39m","time":"2017-01-15T02:13:16.766Z","v":0}
{"name":"hexo","hostname":"disk2s2-2","pid":69389,"level":20,"msg":"Processed: \u001b[35msource/fancybox/fancybox_overlay.png\u001b[39m","time":"2017-01-15T02:13:16.767Z","v":0}
{"name":"hexo","hostname":"disk2s2-2","pid":69389,"level":20,"msg":"Processed: \u001b[35msource/fancybox/fancybox_sprite.png\u001b[39m","time":"2017-01-15T02:13:16.767Z","v":0}
{"name":"hexo","hostname":"disk2s2-2","pid":69389,"level":20,"msg":"Processed: \u001b[35msource/fancybox/fancybox_sprite@2x.png\u001b[39m","time":"2017-01-15T02:13:16.767Z","v":0}
{"name":"hexo","hostname":"disk2s2-2","pid":69389,"level":20,"msg":"Processed: \u001b[35msource/fancybox/jquery.fancybox.css\u001b[39m","time":"2017-01-15T02:13:16.768Z","v":0}
{"name":"hexo","hostname":"disk2s2-2","pid":69389,"level":20,"msg":"Processed: \u001b[35msource/fancybox/jquery.fancybox.js\u001b[39m","time":"2017-01-15T02:13:16.769Z","v":0}
{"name":"hexo","hostname":"disk2s2-2","pid":69389,"level":20,"msg":"Processed: \u001b[35msource/fancybox/jquery.fancybox.pack.js\u001b[39m","time":"2017-01-15T02:13:16.770Z","v":0}
{"name":"hexo","hostname":"disk2s2-2","pid":69389,"level":20,"msg":"Processed: \u001b[35msource/js/script.js\u001b[39m","time":"2017-01-15T02:13:16.771Z","v":0}
{"name":"hexo","hostname":"disk2s2-2","pid":69389,"level":20,"msg":"Processed: \u001b[35mlayout/archive.ejs\u001b[39m","time":"2017-01-15T02:13:16.801Z","v":0}
{"name":"hexo","hostname":"disk2s2-2","pid":69389,"level":20,"msg":"Processed: \u001b[35mlayout/category.ejs\u001b[39m","time":"2017-01-15T02:13:16.802Z","v":0}
{"name":"hexo","hostname":"disk2s2-2","pid":69389,"level":20,"msg":"Processed: \u001b[35mlayout/index.ejs\u001b[39m","time":"2017-01-15T02:13:16.803Z","v":0}
{"name":"hexo","hostname":"disk2s2-2","pid":69389,"level":20,"msg":"Processed: \u001b[35mlayout/layout.ejs\u001b[39m","time":"2017-01-15T02:13:16.803Z","v":0}
{"name":"hexo","hostname":"disk2s2-2","pid":69389,"level":20,"msg":"Processed: \u001b[35mlayout/page.ejs\u001b[39m","time":"2017-01-15T02:13:16.806Z","v":0}
{"name":"hexo","hostname":"disk2s2-2","pid":69389,"level":20,"msg":"Processed: \u001b[35mlayout/post.ejs\u001b[39m","time":"2017-01-15T02:13:16.806Z","v":0}
{"name":"hexo","hostname":"disk2s2-2","pid":69389,"level":20,"msg":"Processed: \u001b[35mlayout/tag.ejs\u001b[39m","time":"2017-01-15T02:13:16.806Z","v":0}
{"name":"hexo","hostname":"disk2s2-2","pid":69389,"level":20,"msg":"Processed: \u001b[35mlanguages/no.yml\u001b[39m","time":"2017-01-15T02:13:16.814Z","v":0}
{"name":"hexo","hostname":"disk2s2-2","pid":69389,"level":20,"msg":"Processed: \u001b[35mlanguages/fr.yml\u001b[39m","time":"2017-01-15T02:13:16.814Z","v":0}
{"name":"hexo","hostname":"disk2s2-2","pid":69389,"level":20,"msg":"Processed: \u001b[35mlanguages/default.yml\u001b[39m","time":"2017-01-15T02:13:16.815Z","v":0}
{"name":"hexo","hostname":"disk2s2-2","pid":69389,"level":20,"msg":"Processed: \u001b[35mlanguages/ru.yml\u001b[39m","time":"2017-01-15T02:13:16.815Z","v":0}
{"name":"hexo","hostname":"disk2s2-2","pid":69389,"level":20,"msg":"Processed: \u001b[35mlanguages/nl.yml\u001b[39m","time":"2017-01-15T02:13:16.815Z","v":0}
{"name":"hexo","hostname":"disk2s2-2","pid":69389,"level":20,"msg":"Processed: \u001b[35mlanguages/zh-CN.yml\u001b[39m","time":"2017-01-15T02:13:16.815Z","v":0}
{"name":"hexo","hostname":"disk2s2-2","pid":69389,"level":20,"msg":"Processed: \u001b[35mlanguages/zh-TW.yml\u001b[39m","time":"2017-01-15T02:13:16.815Z","v":0}
{"name":"hexo","hostname":"disk2s2-2","pid":69389,"level":20,"msg":"Processed: \u001b[35msource/css/fonts/FontAwesome.otf\u001b[39m","time":"2017-01-15T02:13:16.815Z","v":0}
{"name":"hexo","hostname":"disk2s2-2","pid":69389,"level":20,"msg":"Processed: \u001b[35msource/css/fonts/fontawesome-webfont.eot\u001b[39m","time":"2017-01-15T02:13:16.816Z","v":0}
{"name":"hexo","hostname":"disk2s2-2","pid":69389,"level":20,"msg":"Processed: \u001b[35msource/css/fonts/fontawesome-webfont.woff\u001b[39m","time":"2017-01-15T02:13:16.817Z","v":0}
{"name":"hexo","hostname":"disk2s2-2","pid":69389,"level":20,"msg":"Processed: \u001b[35msource/fancybox/helpers/fancybox_buttons.png\u001b[39m","time":"2017-01-15T02:13:16.817Z","v":0}
{"name":"hexo","hostname":"disk2s2-2","pid":69389,"level":20,"msg":"Processed: \u001b[35msource/fancybox/helpers/jquery.fancybox-buttons.css\u001b[39m","time":"2017-01-15T02:13:16.817Z","v":0}
{"name":"hexo","hostname":"disk2s2-2","pid":69389,"level":20,"msg":"Processed: \u001b[35msource/fancybox/helpers/jquery.fancybox-buttons.js\u001b[39m","time":"2017-01-15T02:13:16.817Z","v":0}
{"name":"hexo","hostname":"disk2s2-2","pid":69389,"level":20,"msg":"Processed: \u001b[35msource/fancybox/helpers/jquery.fancybox-media.js\u001b[39m","time":"2017-01-15T02:13:16.817Z","v":0}
{"name":"hexo","hostname":"disk2s2-2","pid":69389,"level":20,"msg":"Processed: \u001b[35msource/fancybox/helpers/jquery.fancybox-thumbs.css\u001b[39m","time":"2017-01-15T02:13:16.818Z","v":0}
{"name":"hexo","hostname":"disk2s2-2","pid":69389,"level":20,"msg":"Processed: \u001b[35msource/fancybox/helpers/jquery.fancybox-thumbs.js\u001b[39m","time":"2017-01-15T02:13:16.818Z","v":0}
{"name":"hexo","hostname":"disk2s2-2","pid":69389,"level":20,"msg":"Processed: \u001b[35msource/css/fonts/fontawesome-webfont.ttf\u001b[39m","time":"2017-01-15T02:13:16.819Z","v":0}
{"name":"hexo","hostname":"disk2s2-2","pid":69389,"level":20,"msg":"Processed: \u001b[35mlayout/_partial/after-footer.ejs\u001b[39m","time":"2017-01-15T02:13:16.838Z","v":0}
{"name":"hexo","hostname":"disk2s2-2","pid":69389,"level":20,"msg":"Processed: \u001b[35mlayout/_partial/archive-post.ejs\u001b[39m","time":"2017-01-15T02:13:16.838Z","v":0}
{"name":"hexo","hostname":"disk2s2-2","pid":69389,"level":20,"msg":"Processed: \u001b[35mlayout/_partial/archive.ejs\u001b[39m","time":"2017-01-15T02:13:16.838Z","v":0}
{"name":"hexo","hostname":"disk2s2-2","pid":69389,"level":20,"msg":"Processed: \u001b[35mlayout/_partial/article.ejs\u001b[39m","time":"2017-01-15T02:13:16.838Z","v":0}
{"name":"hexo","hostname":"disk2s2-2","pid":69389,"level":20,"msg":"Processed: \u001b[35mlayout/_partial/footer.ejs\u001b[39m","time":"2017-01-15T02:13:16.838Z","v":0}
{"name":"hexo","hostname":"disk2s2-2","pid":69389,"level":20,"msg":"Processed: \u001b[35mlayout/_partial/google-analytics.ejs\u001b[39m","time":"2017-01-15T02:13:16.838Z","v":0}
{"name":"hexo","hostname":"disk2s2-2","pid":69389,"level":20,"msg":"Processed: \u001b[35mlayout/_partial/head.ejs\u001b[39m","time":"2017-01-15T02:13:16.838Z","v":0}
{"name":"hexo","hostname":"disk2s2-2","pid":69389,"level":20,"msg":"Processed: \u001b[35mlayout/_partial/header.ejs\u001b[39m","time":"2017-01-15T02:13:16.838Z","v":0}
{"name":"hexo","hostname":"disk2s2-2","pid":69389,"level":20,"msg":"Processed: \u001b[35mlayout/_partial/mobile-nav.ejs\u001b[39m","time":"2017-01-15T02:13:16.838Z","v":0}
{"name":"hexo","hostname":"disk2s2-2","pid":69389,"level":20,"msg":"Processed: \u001b[35mlayout/_partial/sidebar.ejs\u001b[39m","time":"2017-01-15T02:13:16.838Z","v":0}
{"name":"hexo","hostname":"disk2s2-2","pid":69389,"level":20,"msg":"Processed: \u001b[35mlayout/_widget/archive.ejs\u001b[39m","time":"2017-01-15T02:13:16.838Z","v":0}
{"name":"hexo","hostname":"disk2s2-2","pid":69389,"level":20,"msg":"Processed: \u001b[35mlayout/_widget/category.ejs\u001b[39m","time":"2017-01-15T02:13:16.838Z","v":0}
{"name":"hexo","hostname":"disk2s2-2","pid":69389,"level":20,"msg":"Processed: \u001b[35mlayout/_widget/recent_posts.ejs\u001b[39m","time":"2017-01-15T02:13:16.838Z","v":0}
{"name":"hexo","hostname":"disk2s2-2","pid":69389,"level":20,"msg":"Processed: \u001b[35mlayout/_widget/tag.ejs\u001b[39m","time":"2017-01-15T02:13:16.839Z","v":0}
{"name":"hexo","hostname":"disk2s2-2","pid":69389,"level":20,"msg":"Processed: \u001b[35mlayout/_widget/tagcloud.ejs\u001b[39m","time":"2017-01-15T02:13:16.839Z","v":0}
{"name":"hexo","hostname":"disk2s2-2","pid":69389,"level":20,"msg":"Processed: \u001b[35msource/css/fonts/fontawesome-webfont.svg\u001b[39m","time":"2017-01-15T02:13:16.840Z","v":0}
{"name":"hexo","hostname":"disk2s2-2","pid":69389,"level":20,"msg":"Processed: \u001b[35msource/css/images/banner.jpg\u001b[39m","time":"2017-01-15T02:13:16.840Z","v":0}
{"name":"hexo","hostname":"disk2s2-2","pid":69389,"level":20,"msg":"Processed: \u001b[35mlayout/_partial/post/category.ejs\u001b[39m","time":"2017-01-15T02:13:16.842Z","v":0}
{"name":"hexo","hostname":"disk2s2-2","pid":69389,"level":20,"msg":"Processed: \u001b[35mlayout/_partial/post/date.ejs\u001b[39m","time":"2017-01-15T02:13:16.842Z","v":0}
{"name":"hexo","hostname":"disk2s2-2","pid":69389,"level":20,"msg":"Processed: \u001b[35mlayout/_partial/post/gallery.ejs\u001b[39m","time":"2017-01-15T02:13:16.842Z","v":0}
{"name":"hexo","hostname":"disk2s2-2","pid":69389,"level":20,"msg":"Processed: \u001b[35mlayout/_partial/post/nav.ejs\u001b[39m","time":"2017-01-15T02:13:16.842Z","v":0}
{"name":"hexo","hostname":"disk2s2-2","pid":69389,"level":20,"msg":"Processed: \u001b[35mlayout/_partial/post/tag.ejs\u001b[39m","time":"2017-01-15T02:13:16.842Z","v":0}
{"name":"hexo","hostname":"disk2s2-2","pid":69389,"level":20,"msg":"Processed: \u001b[35mlayout/_partial/post/title.ejs\u001b[39m","time":"2017-01-15T02:13:16.842Z","v":0}
{"name":"hexo","hostname":"disk2s2-2","pid":69389,"level":60,"err":{"message":"(unknown path)\n  SyntaxError: Invalid or unexpected token","name":"Template render error","stack":"Template render error: (unknown path)\n  SyntaxError: Invalid or unexpected token\n    at Object.exports.prettifyError (/Users/airmin/Documents/WebProjects/personalsite/node_modules/nunjucks/src/lib.js:34:15)\n    at new_cls.render (/Users/airmin/Documents/WebProjects/personalsite/node_modules/nunjucks/src/environment.js:469:27)\n    at new_cls.renderString (/Users/airmin/Documents/WebProjects/personalsite/node_modules/nunjucks/src/environment.js:327:21)\n    at /Users/airmin/Documents/WebProjects/personalsite/node_modules/hexo/lib/extend/tag.js:66:9\n    at Promise._execute (/Users/airmin/Documents/WebProjects/personalsite/node_modules/bluebird/js/release/debuggability.js:300:9)\n    at Promise._resolveFromExecutor (/Users/airmin/Documents/WebProjects/personalsite/node_modules/bluebird/js/release/promise.js:481:18)\n    at new Promise (/Users/airmin/Documents/WebProjects/personalsite/node_modules/bluebird/js/release/promise.js:77:14)\n    at Tag.render (/Users/airmin/Documents/WebProjects/personalsite/node_modules/hexo/lib/extend/tag.js:64:10)\n    at Object.tagFilter [as onRenderEnd] (/Users/airmin/Documents/WebProjects/personalsite/node_modules/hexo/lib/hexo/post.js:253:16)\n    at /Users/airmin/Documents/WebProjects/personalsite/node_modules/hexo/lib/hexo/render.js:65:19\n    at tryCatcher (/Users/airmin/Documents/WebProjects/personalsite/node_modules/bluebird/js/release/util.js:16:23)\n    at Promise._settlePromiseFromHandler (/Users/airmin/Documents/WebProjects/personalsite/node_modules/bluebird/js/release/promise.js:510:31)\n    at Promise._settlePromise (/Users/airmin/Documents/WebProjects/personalsite/node_modules/bluebird/js/release/promise.js:567:18)\n    at Promise._settlePromise0 (/Users/airmin/Documents/WebProjects/personalsite/node_modules/bluebird/js/release/promise.js:612:10)\n    at Promise._settlePromises (/Users/airmin/Documents/WebProjects/personalsite/node_modules/bluebird/js/release/promise.js:691:18)\n    at Async._drainQueue (/Users/airmin/Documents/WebProjects/personalsite/node_modules/bluebird/js/release/async.js:133:16)\n    at Async._drainQueues (/Users/airmin/Documents/WebProjects/personalsite/node_modules/bluebird/js/release/async.js:143:10)\n    at Immediate.Async.drainQueues (/Users/airmin/Documents/WebProjects/personalsite/node_modules/bluebird/js/release/async.js:17:14)\n    at runCallback (timers.js:637:20)\n    at tryOnImmediate (timers.js:610:5)\n    at processImmediate [as _immediateCallback] (timers.js:582:5)"},"msg":"Something's wrong. Maybe you can find the solution here: \u001b[4mhttp://hexo.io/docs/troubleshooting.html\u001b[24m","time":"2017-01-15T02:13:17.068Z","v":0}
{"name":"hexo","hostname":"disk2s2-2","pid":69389,"level":20,"msg":"Database saved","time":"2017-01-15T02:13:17.098Z","v":0}
